<?xml version="1.0" encoding="utf-8"?><testsuites name="pytest tests"><testsuite name="pytest" errors="0" failures="0" skipped="0" tests="27" time="3.381" timestamp="2026-06-20T20:40:38.176698+00:00" hostname="agent-env-ced95d18-331a-4892-8075-2e2436f014ff"><testcase classname="backend.tests.backend_test.TestPublic" name="test_root" time="0.311" /><testcase classname="backend.tests.backend_test.TestPublic" name="test_settings" time="0.049" /><testcase classname="backend.tests.backend_test.TestPublic" name="test_categories" time="0.050" /><testcase classname="backend.tests.backend_test.TestPublic" name="test_products_list" time="0.051" /><testcase classname="backend.tests.backend_test.TestPublic" name="test_products_filter_promo" time="0.047" /><testcase classname="backend.tests.backend_test.TestPublic" name="test_products_search" time="0.046" /><testcase classname="backend.tests.backend_test.TestPublic" name="test_product_detail" time="0.097" /><testcase classname="backend.tests.backend_test.TestPublic" name="test_product_404" time="0.045" /><testcase classname="backend.tests.backend_test.TestAuth" name="test_login_invalid" time="0.051" /><testcase classname="backend.tests.backend_test.TestAuth" name="test_login_success_and_cookies" time="0.354" /><testcase classname="backend.tests.backend_test.TestAuth" name="test_me_requires_auth" time="0.093" /><testcase classname="backend.tests.backend_test.TestAuth" name="test_me_with_admin" time="0.438" /><testcase classname="backend.tests.backend_test.TestAuth" name="test_refresh" time="0.048" /><testcase classname="backend.tests.backend_test.TestCheckout" name="test_validate_stock" time="0.099" /><testcase classname="backend.tests.backend_test.TestCheckout" name="test_below_min_order" time="0.110" /><testcase classname="backend.tests.backend_test.TestCheckout" name="test_place_order_cod_with_coupon" time="0.148" /><testcase classname="backend.tests.backend_test.TestCheckout" name="test_place_order_knet_then_callback" time="0.145" /><testcase classname="backend.tests.backend_test.TestCheckout" name="test_track_order_404" time="0.047" /><testcase classname="backend.tests.backend_test.TestAdmin" name="test_dashboard_summary" time="0.053" /><testcase classname="backend.tests.backend_test.TestAdmin" name="test_admin_requires_auth" time="0.046" /><testcase classname="backend.tests.backend_test.TestAdmin" name="test_orders_list_and_status" time="0.109" /><testcase classname="backend.tests.backend_test.TestAdmin" name="test_product_crud" time="0.301" /><testcase classname="backend.tests.backend_test.TestAdmin" name="test_category_crud" time="0.100" /><testcase classname="backend.tests.backend_test.TestAdmin" name="test_coupon_create_delete" time="0.137" /><testcase classname="backend.tests.backend_test.TestAdmin" name="test_delivery_config_save" time="0.109" /><testcase classname="backend.tests.backend_test.TestAdmin" name="test_customers" time="0.043" /><testcase classname="backend.tests.backend_test.TestAdmin" name="test_reports" time="0.144" /></testsuite></testsuites>